<?xml version="1.0" encoding="UTF-8"?>
<!-- Generated by org.testng.reporters.JUnitXMLReporter -->
<testsuite hostname="SLT-DTP-131" name="Test1" tests="5" failures="0" timestamp="26 Nov 2018 13:22:32 GMT" time="15.476" errors="0">
  <testcase name="fun" time="2.692" classname="executionEngine.DriverScript"/>
  <testcase name="fun" time="0.147" classname="executionEngine.DriverScript"/>
  <testcase name="fun" time="2.294" classname="executionEngine.DriverScript"/>
  <testcase name="fun" time="5.001" classname="executionEngine.DriverScript"/>
  <testcase name="fun" time="0.643" classname="executionEngine.DriverScript"/>
</testsuite> <!-- Test1 -->
