<?xml version="1.0" encoding="UTF-8"?>
<testng-results skipped="0" failed="0" total="5" passed="5">
  <reporter-output>
  </reporter-output>
  <suite name="Suite" duration-ms="15476" started-at="2018-11-26T13:22:16Z" finished-at="2018-11-26T13:22:32Z">
    <groups>
    </groups>
    <test name="Test1" duration-ms="15476" started-at="2018-11-26T13:22:16Z" finished-at="2018-11-26T13:22:32Z">
      <class name="executionEngine.DriverScript">
        <test-method status="PASS" signature="classLoad(org.testng.ITestContext)[pri:0, instance:executionEngine.DriverScript@3701eaf6]" name="classLoad" is-config="true" duration-ms="4148" started-at="2018-11-26T18:52:16Z" finished-at="2018-11-26T18:52:20Z">
          <params>
            <param index="0">
              <value>
                <![CDATA[org.testng.TestRunner@1021f6c9]]>
              </value>
            </param>
          </params>
          <reporter-output>
          </reporter-output>
        </test-method> <!-- classLoad -->
        <test-method status="PASS" signature="fun(java.util.Hashtable)[pri:0, instance:executionEngine.DriverScript@3701eaf6]" name="fun" duration-ms="2692" started-at="2018-11-26T18:52:21Z" data-provider="testSteps" finished-at="2018-11-26T18:52:24Z">
          <params>
            <param index="0">
              <value>
                <![CDATA[{Action Keyword=navigate, Test Case ID=LogIn_01, Page Name=, TS_ID=TS_002, Description=Navigate to website, Page Object=, Result=PASS, Data Set=}]]>
              </value>
            </param>
          </params>
          <reporter-output>
          </reporter-output>
        </test-method> <!-- fun -->
        <test-method status="PASS" signature="fun(java.util.Hashtable)[pri:0, instance:executionEngine.DriverScript@3701eaf6]" name="fun" duration-ms="147" started-at="2018-11-26T18:52:24Z" data-provider="testSteps" finished-at="2018-11-26T18:52:24Z">
          <params>
            <param index="0">
              <value>
                <![CDATA[{Action Keyword=input, Test Case ID=LogIn_01, Page Name=LogIn_Page, TS_ID=TS_003, Description=INPUT textbox, Page Object=googleSearchBox, Result=PASS, Data Set=testuser_3}]]>
              </value>
            </param>
          </params>
          <reporter-output>
          </reporter-output>
        </test-method> <!-- fun -->
        <test-method status="PASS" signature="fun(java.util.Hashtable)[pri:0, instance:executionEngine.DriverScript@3701eaf6]" name="fun" duration-ms="2294" started-at="2018-11-26T18:52:24Z" data-provider="testSteps" finished-at="2018-11-26T18:52:26Z">
          <params>
            <param index="0">
              <value>
                <![CDATA[{Action Keyword=press_enter, Test Case ID=LogIn_01, Page Name=LogIn_Page, TS_ID=TS_004, Description=click google search, Page Object=txtbx_Password, Result=PASS, Data Set=Test@123}]]>
              </value>
            </param>
          </params>
          <reporter-output>
          </reporter-output>
        </test-method> <!-- fun -->
        <test-method status="PASS" signature="fun(java.util.Hashtable)[pri:0, instance:executionEngine.DriverScript@3701eaf6]" name="fun" duration-ms="5001" started-at="2018-11-26T18:52:26Z" data-provider="testSteps" finished-at="2018-11-26T18:52:31Z">
          <params>
            <param index="0">
              <value>
                <![CDATA[{Action Keyword=waitFor, Test Case ID=LogIn_01, Page Name=LogIn_Page, TS_ID=TS_005, Description=WAIT , Page Object=txtbx_Password, Result=PASS, Data Set=Test@123}]]>
              </value>
            </param>
          </params>
          <reporter-output>
          </reporter-output>
        </test-method> <!-- fun -->
        <test-method status="PASS" signature="fun(java.util.Hashtable)[pri:0, instance:executionEngine.DriverScript@3701eaf6]" name="fun" duration-ms="643" started-at="2018-11-26T18:52:31Z" data-provider="testSteps" finished-at="2018-11-26T18:52:32Z">
          <params>
            <param index="0">
              <value>
                <![CDATA[{Action Keyword=closeBrowser, Test Case ID=LogIn_01, Page Name=, TS_ID=TS_006, Description=Close the Browser, Page Object=, Result=PASS, Data Set=}]]>
              </value>
            </param>
          </params>
          <reporter-output>
          </reporter-output>
        </test-method> <!-- fun -->
      </class> <!-- executionEngine.DriverScript -->
    </test> <!-- Test1 -->
  </suite> <!-- Suite -->
</testng-results>
